  stdafx.cpp
c:\users\jbs\documents\visual studio 2015\projects\dungreed-imitation\dungreed-imitation\Vector2.h(27): warning C4244: '초기화 중': 'int'에서 'float'(으)로 변환하면서 데이터가 손실될 수 있습니다.
c:\users\jbs\documents\visual studio 2015\projects\dungreed-imitation\dungreed-imitation\Matrix2D.h(115): warning C4244: 'return': 'float'에서 'int'(으)로 변환하면서 데이터가 손실될 수 있습니다.
  BitMap.cpp
  Dungreed-Imitation.cpp
  GameObject.cpp
  ImageManager.cpp
  MainGame.cpp
  ObjectManager.cpp
  Player.cpp
  Rasterizer.cpp
  Renderer.cpp
Renderer.cpp(72): warning C4244: '=': 'int'에서 'float'(으)로 변환하면서 데이터가 손실될 수 있습니다.
Renderer.cpp(74): warning C4244: '=': 'int'에서 'float'(으)로 변환하면서 데이터가 손실될 수 있습니다.
Renderer.cpp(112): warning C4244: '=': 'int'에서 'float'(으)로 변환하면서 데이터가 손실될 수 있습니다.
Renderer.cpp(114): warning C4244: '=': 'int'에서 'float'(으)로 변환하면서 데이터가 손실될 수 있습니다.
Renderer.cpp(163): warning C4244: '=': 'int'에서 'float'(으)로 변환하면서 데이터가 손실될 수 있습니다.
Renderer.cpp(165): warning C4244: '=': 'int'에서 'float'(으)로 변환하면서 데이터가 손실될 수 있습니다.
Renderer.cpp(178): warning C4244: '인수': 'float'에서 'int'(으)로 변환하면서 데이터가 손실될 수 있습니다.
  Timer.cpp
  Vector2.cpp
  코드를 생성하고 있습니다.
  All 457 functions were compiled because no usable IPDB/IOBJ from previous compilation was found.
  코드를 생성했습니다.
  Dungreed-Imitation.vcxproj -> c:\users\jbs\documents\visual studio 2015\Projects\Dungreed-Imitation\Release\Dungreed-Imitation.exe
  Dungreed-Imitation.vcxproj -> c:\users\jbs\documents\visual studio 2015\Projects\Dungreed-Imitation\Release\Dungreed-Imitation.pdb (Full PDB)
