  stdafx.cpp
c:\users\jbs\documents\github\dungreed-imitation\dungreed모작\dungreed모작\Vector2.h(27): warning C4244: '초기화 중': 'int'에서 'float'(으)로 변환하면서 데이터가 손실될 수 있습니다.
c:\users\jbs\documents\github\dungreed-imitation\dungreed모작\dungreed모작\Matrix2D.h(115): warning C4244: 'return': 'float'에서 'int'(으)로 변환하면서 데이터가 손실될 수 있습니다.
  BitMap.cpp
  Dungreed모작.cpp
  GameObject.cpp
  ImageManager.cpp
  ObjectManager.cpp
  Player.cpp
  Rasterizer.cpp
  Renderer.cpp
Renderer.cpp(48): warning C4244: '초기화 중': 'float'에서 'int'(으)로 변환하면서 데이터가 손실될 수 있습니다.
Renderer.cpp(49): warning C4244: '초기화 중': 'float'에서 'int'(으)로 변환하면서 데이터가 손실될 수 있습니다.
Renderer.cpp(50): warning C4244: '초기화 중': 'float'에서 'int'(으)로 변환하면서 데이터가 손실될 수 있습니다.
Renderer.cpp(51): warning C4244: '초기화 중': 'float'에서 'int'(으)로 변환하면서 데이터가 손실될 수 있습니다.
Renderer.cpp(62): warning C4244: '=': 'int'에서 'float'(으)로 변환하면서 데이터가 손실될 수 있습니다.
Renderer.cpp(64): warning C4244: '=': 'int'에서 'float'(으)로 변환하면서 데이터가 손실될 수 있습니다.
Renderer.cpp(80): warning C4244: '인수': 'float'에서 'int'(으)로 변환하면서 데이터가 손실될 수 있습니다.
Renderer.cpp(89): warning C4244: '초기화 중': 'float'에서 'int'(으)로 변환하면서 데이터가 손실될 수 있습니다.
Renderer.cpp(90): warning C4244: '초기화 중': 'float'에서 'int'(으)로 변환하면서 데이터가 손실될 수 있습니다.
Renderer.cpp(91): warning C4244: '초기화 중': 'float'에서 'int'(으)로 변환하면서 데이터가 손실될 수 있습니다.
Renderer.cpp(92): warning C4244: '초기화 중': 'float'에서 'int'(으)로 변환하면서 데이터가 손실될 수 있습니다.
Renderer.cpp(102): warning C4244: '=': 'int'에서 'float'(으)로 변환하면서 데이터가 손실될 수 있습니다.
Renderer.cpp(104): warning C4244: '=': 'int'에서 'float'(으)로 변환하면서 데이터가 손실될 수 있습니다.
Renderer.cpp(116): warning C4244: '초기화 중': 'float'에서 'int'(으)로 변환하면서 데이터가 손실될 수 있습니다.
Renderer.cpp(129): warning C4244: '인수': 'float'에서 'int'(으)로 변환하면서 데이터가 손실될 수 있습니다.
Renderer.cpp(140): warning C4244: '초기화 중': 'float'에서 'int'(으)로 변환하면서 데이터가 손실될 수 있습니다.
Renderer.cpp(141): warning C4244: '초기화 중': 'float'에서 'int'(으)로 변환하면서 데이터가 손실될 수 있습니다.
Renderer.cpp(142): warning C4244: '초기화 중': 'float'에서 'int'(으)로 변환하면서 데이터가 손실될 수 있습니다.
Renderer.cpp(143): warning C4244: '초기화 중': 'float'에서 'int'(으)로 변환하면서 데이터가 손실될 수 있습니다.
Renderer.cpp(153): warning C4244: '=': 'int'에서 'float'(으)로 변환하면서 데이터가 손실될 수 있습니다.
Renderer.cpp(155): warning C4244: '=': 'int'에서 'float'(으)로 변환하면서 데이터가 손실될 수 있습니다.
Renderer.cpp(165): warning C4244: '인수': 'float'에서 'INT'(으)로 변환하면서 데이터가 손실될 수 있습니다.
Renderer.cpp(168): warning C4244: '인수': 'float'에서 'int'(으)로 변환하면서 데이터가 손실될 수 있습니다.
  Timer.cpp
  Vector2.cpp
  코드를 생성하고 있습니다.
  50 of 221 functions (22.6%) were compiled, the rest were copied from previous compilation.
    3 functions were new in current compilation
    1 functions had inline decision re-evaluated but remain unchanged
  코드를 생성했습니다.
  Dungreed모작.vcxproj -> C:\Users\JBS\Documents\GitHub\Dungreed-Imitation\Dungreed모작\Release\Dungreed모작.exe
  Dungreed모작.vcxproj -> C:\Users\JBS\Documents\GitHub\Dungreed-Imitation\Dungreed모작\Release\Dungreed모작.pdb (Full PDB)
