  stdafx.cpp
c:\users\jbs\documents\visual studio 2015\projects\dungreed-imitation\dungreed-imitation\Math.h(4): warning C4244: 'return': 'double'에서 'float'(으)로 변환하면서 데이터가 손실될 수 있습니다.
c:\users\jbs\documents\visual studio 2015\projects\dungreed-imitation\dungreed-imitation\Math.h(8): warning C4244: 'return': 'double'에서 'float'(으)로 변환하면서 데이터가 손실될 수 있습니다.
c:\users\jbs\documents\visual studio 2015\projects\dungreed-imitation\dungreed-imitation\Vector2.h(27): warning C4244: '초기화 중': 'int'에서 'float'(으)로 변환하면서 데이터가 손실될 수 있습니다.
c:\users\jbs\documents\visual studio 2015\projects\dungreed-imitation\dungreed-imitation\Matrix2D.h(115): warning C4244: 'return': 'float'에서 'int'(으)로 변환하면서 데이터가 손실될 수 있습니다.
c:\users\jbs\documents\visual studio 2015\projects\dungreed-imitation\dungreed-imitation\Matrix3D.h(227): warning C4244: '+=': 'float'에서 'int'(으)로 변환하면서 데이터가 손실될 수 있습니다.
c:\users\jbs\documents\visual studio 2015\projects\dungreed-imitation\dungreed-imitation\Matrix3D.h(264): warning C4244: '+=': 'float'에서 'int'(으)로 변환하면서 데이터가 손실될 수 있습니다.
  Animator.cpp
  AnimManager.cpp
  BackGround.cpp
  BitMap.cpp
  DrawUtil.cpp
  Dungreed-Imitation.cpp
  Edit.cpp
Edit.cpp(109): warning C4244: '초기화 중': 'float'에서 'int'(으)로 변환하면서 데이터가 손실될 수 있습니다.
Edit.cpp(110): warning C4244: '초기화 중': 'float'에서 'int'(으)로 변환하면서 데이터가 손실될 수 있습니다.
Edit.cpp(128): warning C4244: '초기화 중': 'float'에서 'int'(으)로 변환하면서 데이터가 손실될 수 있습니다.
Edit.cpp(129): warning C4244: '초기화 중': 'float'에서 'int'(으)로 변환하면서 데이터가 손실될 수 있습니다.
  GameObject.cpp
  ImageManager.cpp
  Item.cpp
  KeyManager.cpp
  MainGame.cpp
  Matrix3D.cpp
  Mouse.cpp
  ObjectManager.cpp
  Player.cpp
  Rasterizer.cpp
  Renderer.cpp
Renderer.cpp(72): warning C4244: '=': 'int'에서 'float'(으)로 변환하면서 데이터가 손실될 수 있습니다.
Renderer.cpp(74): warning C4244: '=': 'int'에서 'float'(으)로 변환하면서 데이터가 손실될 수 있습니다.
Renderer.cpp(112): warning C4244: '=': 'int'에서 'float'(으)로 변환하면서 데이터가 손실될 수 있습니다.
Renderer.cpp(114): warning C4244: '=': 'int'에서 'float'(으)로 변환하면서 데이터가 손실될 수 있습니다.
Renderer.cpp(125): warning C4244: '초기화 중': 'float'에서 'int'(으)로 변환하면서 데이터가 손실될 수 있습니다.
Renderer.cpp(126): warning C4244: '초기화 중': 'float'에서 'int'(으)로 변환하면서 데이터가 손실될 수 있습니다.
Renderer.cpp(163): warning C4244: '=': 'int'에서 'float'(으)로 변환하면서 데이터가 손실될 수 있습니다.
Renderer.cpp(165): warning C4244: '=': 'int'에서 'float'(으)로 변환하면서 데이터가 손실될 수 있습니다.
Renderer.cpp(178): warning C4244: '인수': 'float'에서 'int'(으)로 변환하면서 데이터가 손실될 수 있습니다.
  Scene.cpp
  SceneManager.cpp
  컴파일하고 있습니다...
  Timer.cpp
  Title.cpp
  Vector2.cpp
  Weapon.cpp
  코드를 생성하고 있습니다.
c:\users\jbs\documents\visual studio 2015\projects\dungreed-imitation\dungreed-imitation\animator.cpp(130): warning C4715: 'Animator::PlayAnim': 모든 제어 경로에서 값을 반환하지는 않습니다.
  All 705 functions were compiled because no usable IPDB/IOBJ from previous compilation was found.
  코드를 생성했습니다.
  Dungreed-Imitation.vcxproj -> C:\Users\JBS\Documents\Visual Studio 2015\Projects\Dungreed-Imitation\x64\Release\Dungreed-Imitation.exe
  Dungreed-Imitation.vcxproj -> C:\Users\JBS\Documents\Visual Studio 2015\Projects\Dungreed-Imitation\x64\Release\Dungreed-Imitation.pdb (Full PDB)
